<?xml version="1.0" encoding="UTF-8"?>
<!-- Generated by org.testng.reporters.JUnitReportReporter -->
<testsuite hostname="LAPTOP-ET80ATGE" failures="0" tests="4" name="TestNGPractice.Basics" time="0.011" errors="0" timestamp="2020-11-23T14:06:34 IST" skipped="0">
  <testcase classname="TestNGPractice.Basics" name="speak" time="0.001"/>
  <system-out/>
  <testcase classname="TestNGPractice.Basics" name="dance" time="0.005"/>
  <system-out/>
  <testcase classname="TestNGPractice.Basics" name="write" time="0.003"/>
  <system-out/>
  <testcase classname="TestNGPractice.Basics" name="print" time="0.002"/>
  <system-out/>
</testsuite> <!-- TestNGPractice.Basics -->
