<?xml version="1.0" encoding="UTF-8"?>
<!-- Generated by org.testng.reporters.JUnitReportReporter -->
<testsuite hostname="LAPTOP-ET80ATGE" failures="0" tests="10" name="TestNGPractice.InvocationCountTest" time="0.025" errors="0" timestamp="2020-08-19T16:21:32 IST" skipped="0">
  <testcase classname="TestNGPractice.InvocationCountTest" name="sum" time="0.002"/>
  <system-out/>
  <testcase classname="TestNGPractice.InvocationCountTest" name="sum" time="0.003"/>
  <system-out/>
  <testcase classname="TestNGPractice.InvocationCountTest" name="sum" time="0.002"/>
  <system-out/>
  <testcase classname="TestNGPractice.InvocationCountTest" name="sum" time="0.003"/>
  <system-out/>
  <testcase classname="TestNGPractice.InvocationCountTest" name="sum" time="0.003"/>
  <system-out/>
  <testcase classname="TestNGPractice.InvocationCountTest" name="sum" time="0.002"/>
  <system-out/>
  <testcase classname="TestNGPractice.InvocationCountTest" name="sum" time="0.002"/>
  <system-out/>
  <testcase classname="TestNGPractice.InvocationCountTest" name="sum" time="0.003"/>
  <system-out/>
  <testcase classname="TestNGPractice.InvocationCountTest" name="sum" time="0.003"/>
  <system-out/>
  <testcase classname="TestNGPractice.InvocationCountTest" name="sum" time="0.002"/>
  <system-out/>
</testsuite> <!-- TestNGPractice.InvocationCountTest -->
