<?xml version="1.0" encoding="UTF-8"?>
<!-- Generated by org.testng.reporters.JUnitReportReporter -->
<testsuite hostname="LAPTOP-ET80ATGE" failures="0" tests="1" name="TestNGPractice.ExceptionTimeoutTest" time="0.009" errors="0" timestamp="2020-11-23T14:11:24 IST" skipped="0">
  <testcase classname="TestNGPractice.ExceptionTimeoutTest" name="numberformat" time="0.009"/>
  <system-out/>
</testsuite> <!-- TestNGPractice.ExceptionTimeoutTest -->
